<?xml version="1.0" encoding="UTF-8"?>
<!-- Generated by org.testng.reporters.JUnitXMLReporter -->
<testsuite hostname="Samis-MacBook-Pro.local" name="Parabank Regression" tests="1" failures="0" timestamp="25 Mar 2019 02:25:14 GMT" time="0.321" errors="0">
  <testcase name="@BeforeMethod beforeTest" time="0.0" classname="Runners.ParaBank_Runner">
    <failure type="java.lang.NullPointerException">
      <![CDATA[java.lang.NullPointerException
	at Runners.ParaBank_Runner.beforeTest(ParaBank_Runner.java:45)
... Removed 26 stack frames]]>
    </failure>
  </testcase> <!-- @BeforeMethod beforeTest -->
  <testcase name="feature" time="0.001" classname="Runners.ParaBank_Runner">
    <skipped/>
  </testcase> <!-- feature -->
</testsuite> <!-- Parabank Regression -->
