<?xml version="1.0" encoding="UTF-8"?>
<testng-results skipped="0" failed="0" total="1" passed="1">
  <reporter-output>
  </reporter-output>
  <suite name="Default suite" duration-ms="27" started-at="2019-04-08T23:57:27Z" finished-at="2019-04-08T23:57:27Z">
    <groups>
    </groups>
    <test name="Default test" duration-ms="27" started-at="2019-04-08T23:57:27Z" finished-at="2019-04-08T23:57:27Z">
      <class name="UnitTest.TestCustomLoggingFunc">
        <test-method status="PASS" signature="testLogger()[pri:0, instance:UnitTest.TestCustomLoggingFunc@49993335]" name="testLogger" duration-ms="13" started-at="2019-04-08T19:57:27Z" finished-at="2019-04-08T19:57:27Z">
          <reporter-output>
          </reporter-output>
        </test-method> <!-- testLogger -->
      </class> <!-- UnitTest.TestCustomLoggingFunc -->
    </test> <!-- Default test -->
  </suite> <!-- Default suite -->
</testng-results>
