<?xml version="1.0" encoding="UTF-8"?>
<testng-results skipped="0" failed="0" total="1" passed="1">
  <reporter-output>
  </reporter-output>
  <suite name="Default suite" duration-ms="24" started-at="2019-04-27T12:56:04Z" finished-at="2019-04-27T12:56:04Z">
    <groups>
    </groups>
    <test name="Default test" duration-ms="24" started-at="2019-04-27T12:56:04Z" finished-at="2019-04-27T12:56:04Z">
      <class name="UnitTest.TestAsserts">
        <test-method status="PASS" signature="testm()[pri:0, instance:UnitTest.TestAsserts@49993335]" name="testm" duration-ms="12" started-at="2019-04-27T08:56:04Z" finished-at="2019-04-27T08:56:04Z">
          <reporter-output>
          </reporter-output>
        </test-method> <!-- testm -->
      </class> <!-- UnitTest.TestAsserts -->
    </test> <!-- Default test -->
  </suite> <!-- Default suite -->
</testng-results>
